Copyright 1986-2022 Xilinx, Inc. All Rights Reserved.
------------------------------------------------------------------------------------------
| Tool Version : Vivado v.2022.1 (win64) Build 3526262 Mon Apr 18 15:48:16 MDT 2022
| Date         : Sat May 11 17:07:11 2024
| Host         : CSE-P07-2165-09 running 64-bit major release  (build 9200)
| Command      : report_control_sets -verbose -file Digital_Clock_control_sets_placed.rpt
| Design       : Digital_Clock
| Device       : xc7a35t
------------------------------------------------------------------------------------------

Control Set Information

Table of Contents
-----------------
1. Summary
2. Histogram
3. Flip-Flop Distribution
4. Detailed Control Set Information

1. Summary
----------

+----------------------------------------------------------+-------+
|                          Status                          | Count |
+----------------------------------------------------------+-------+
| Total control sets                                       |     9 |
|    Minimum number of control sets                        |     9 |
|    Addition due to synthesis replication                 |     0 |
|    Addition due to physical synthesis replication        |     0 |
| Unused register locations in slices containing registers |    38 |
+----------------------------------------------------------+-------+
* Control sets can be merged at opt_design using control_set_merge or merge_equivalent_drivers
** Run report_qor_suggestions for automated merging and remapping suggestions


2. Histogram
------------

+--------------------+-------+
|       Fanout       | Count |
+--------------------+-------+
| Total control sets |     9 |
| >= 0 to < 4        |     2 |
| >= 4 to < 6        |     2 |
| >= 6 to < 8        |     1 |
| >= 8 to < 10       |     0 |
| >= 10 to < 12      |     2 |
| >= 12 to < 14      |     0 |
| >= 14 to < 16      |     0 |
| >= 16              |     2 |
+--------------------+-------+
* Control sets can be remapped at either synth_design or opt_design


3. Flip-Flop Distribution
-------------------------

+--------------+-----------------------+------------------------+-----------------+--------------+
| Clock Enable | Synchronous Set/Reset | Asynchronous Set/Reset | Total Registers | Total Slices |
+--------------+-----------------------+------------------------+-----------------+--------------+
| No           | No                    | No                     |              20 |            7 |
| No           | No                    | Yes                    |              75 |           24 |
| No           | Yes                   | No                     |               0 |            0 |
| Yes          | No                    | No                     |               0 |            0 |
| Yes          | No                    | Yes                    |              19 |            6 |
| Yes          | Yes                   | No                     |               0 |            0 |
+--------------+-----------------------+------------------------+-----------------+--------------+


4. Detailed Control Set Information
-----------------------------------

+---------------------+---------------------------------------------------+-----------------------------------+------------------+----------------+--------------+
|     Clock Signal    |                   Enable Signal                   |          Set/Reset Signal         | Slice Load Count | Bel Load Count | Bels / Slice |
+---------------------+---------------------------------------------------+-----------------------------------+------------------+----------------+--------------+
|  clk_input          | nolabel_line221/minutes_units/E[0]                | nolabel_line221/hours_units/AR[0] |                1 |              2 |         2.00 |
|  clk_input          | nolabel_line221/minutes_units/counter_reg[0]_0[0] | nolabel_line221/hours_tens/AR[0]  |                1 |              3 |         3.00 |
|  clk_input          | nolabel_line221/seconds/counter_reg[4]_0[0]       | nolabel_line221/hours_tens/AR[0]  |                1 |              4 |         4.00 |
|  clk_input          | nolabel_line221/minutes_tens/E[0]                 | nolabel_line221/hours_units/AR[0] |                1 |              4 |         4.00 |
|  clk_input          | en_secs                                           | rst_IBUF                          |                2 |              6 |         3.00 |
|  led_reg[1]_i_1_n_0 |                                                   |                                   |                5 |             10 |         2.00 |
|  clk_200_BUFG       |                                                   |                                   |                2 |             10 |         5.00 |
|  clk_200_BUFG       |                                                   | rst_IBUF                          |                9 |             29 |         3.22 |
|  clk_IBUF_BUFG      |                                                   | rst_IBUF                          |               15 |             46 |         3.07 |
+---------------------+---------------------------------------------------+-----------------------------------+------------------+----------------+--------------+


