
*** Running vivado
    with args -log Digital_Clock.vds -m64 -product Vivado -mode batch -messageDb vivado.pb -notrace -source Digital_Clock.tcl



****** Vivado v2022.1 (64-bit)
  **** SW Build 3526262 on Mon Apr 18 15:48:16 MDT 2022
  **** IP Build 3524634 on Mon Apr 18 20:55:01 MDT 2022
    ** Copyright 1986-2022 Xilinx, Inc. All Rights Reserved.

source Digital_Clock.tcl -notrace
Command: read_checkpoint -auto_incremental -incremental C:/Users/mohamedabdelfatah572/Downloads/clock_minute_project/clock_minute_project.srcs/utils_1/imports/synth_1/Pushbutton_Detector.dcp
INFO: [Vivado 12-5825] Read reference checkpoint from C:/Users/mohamedabdelfatah572/Downloads/clock_minute_project/clock_minute_project.srcs/utils_1/imports/synth_1/Pushbutton_Detector.dcp for incremental synthesis
INFO: [Vivado 12-7989] Please ensure there are no constraint changes
Command: synth_design -top Digital_Clock -part xc7a35tcpg236-1
Starting synth_design
Attempting to get a license for feature 'Synthesis' and/or device 'xc7a35t'
INFO: [Common 17-349] Got license for feature 'Synthesis' and/or device 'xc7a35t'
INFO: [Device 21-403] Loading part xc7a35tcpg236-1
INFO: [Designutils 20-5440] No compile time benefit to using incremental synthesis; A full resynthesis will be run
INFO: [Designutils 20-4379] Flow is switching to default flow due to incremental criteria not met. If you would like to alter this behaviour and have the flow terminate instead, please set the following parameter config_implementation {autoIncr.Synth.RejectBehavior Terminate}
INFO: [Synth 8-7079] Multithreading enabled for synth_design using a maximum of 2 processes.
INFO: [Synth 8-7078] Launching helper process for spawning children vivado processes
INFO: [Synth 8-7075] Helper process launched with PID 12168
WARNING: [Synth 8-9887] parameter declaration becomes local in 'clock_divider' with formal parameter declaration list [C:/Users/mohamedabdelfatah572/Downloads/clock_minute_project/clock_minute_project.srcs/sources_1/new/clock_divder.v:24]
WARNING: [Synth 8-9971] redeclaration of ansi port 'counter' is not allowed [C:/Users/mohamedabdelfatah572/Downloads/clock_minute_project/clock_minute_project.srcs/sources_1/new/n_bit_counter.v:25]
---------------------------------------------------------------------------------
Starting RTL Elaboration : Time (s): cpu = 00:00:05 ; elapsed = 00:00:05 . Memory (MB): peak = 1282.562 ; gain = 0.000
---------------------------------------------------------------------------------
INFO: [Synth 8-6157] synthesizing module 'Digital_Clock' [C:/Users/mohamedabdelfatah572/Downloads/clock_minute_project/clock_minute_project.srcs/sources_1/new/Digital_Clock.v:23]
INFO: [Synth 8-6157] synthesizing module 'Pushbutton_Detector' [C:/Users/mohamedabdelfatah572/Downloads/clock_minute_project/clock_minute_project.srcs/sources_1/new/Pushbutton_Detector.v:23]
INFO: [Synth 8-6157] synthesizing module 'debouncer' [C:/Users/mohamedabdelfatah572/Downloads/clock_minute_project/clock_minute_project.srcs/sources_1/new/debouncer.v:22]
INFO: [Synth 8-6155] done synthesizing module 'debouncer' (0#1) [C:/Users/mohamedabdelfatah572/Downloads/clock_minute_project/clock_minute_project.srcs/sources_1/new/debouncer.v:22]
INFO: [Synth 8-6157] synthesizing module 'synchronizer' [C:/Users/mohamedabdelfatah572/Downloads/clock_minute_project/clock_minute_project.srcs/sources_1/new/synchronizer.v:23]
INFO: [Synth 8-6155] done synthesizing module 'synchronizer' (0#1) [C:/Users/mohamedabdelfatah572/Downloads/clock_minute_project/clock_minute_project.srcs/sources_1/new/synchronizer.v:23]
INFO: [Synth 8-6157] synthesizing module 'ex1_Rising_Edge_Detector' [C:/Users/mohamedabdelfatah572/Downloads/clock_minute_project/clock_minute_project.srcs/sources_1/new/ex1_Rising_Edge_Detector.v:23]
INFO: [Synth 8-6155] done synthesizing module 'ex1_Rising_Edge_Detector' (0#1) [C:/Users/mohamedabdelfatah572/Downloads/clock_minute_project/clock_minute_project.srcs/sources_1/new/ex1_Rising_Edge_Detector.v:23]
INFO: [Synth 8-6155] done synthesizing module 'Pushbutton_Detector' (0#1) [C:/Users/mohamedabdelfatah572/Downloads/clock_minute_project/clock_minute_project.srcs/sources_1/new/Pushbutton_Detector.v:23]
WARNING: [Synth 8-567] referenced signal 'counter_mintue_unites' should be on the sensitivity list [C:/Users/mohamedabdelfatah572/Downloads/clock_minute_project/clock_minute_project.srcs/sources_1/new/Digital_Clock.v:59]
WARNING: [Synth 8-567] referenced signal 'counter_minutes_tens' should be on the sensitivity list [C:/Users/mohamedabdelfatah572/Downloads/clock_minute_project/clock_minute_project.srcs/sources_1/new/Digital_Clock.v:59]
WARNING: [Synth 8-567] referenced signal 'counter_hours_units' should be on the sensitivity list [C:/Users/mohamedabdelfatah572/Downloads/clock_minute_project/clock_minute_project.srcs/sources_1/new/Digital_Clock.v:59]
WARNING: [Synth 8-567] referenced signal 'counter_hours_tens' should be on the sensitivity list [C:/Users/mohamedabdelfatah572/Downloads/clock_minute_project/clock_minute_project.srcs/sources_1/new/Digital_Clock.v:59]
INFO: [Synth 8-155] case statement is not full and has no default [C:/Users/mohamedabdelfatah572/Downloads/clock_minute_project/clock_minute_project.srcs/sources_1/new/Digital_Clock.v:73]
WARNING: [Synth 8-567] referenced signal 'clk_1' should be on the sensitivity list [C:/Users/mohamedabdelfatah572/Downloads/clock_minute_project/clock_minute_project.srcs/sources_1/new/Digital_Clock.v:72]
WARNING: [Synth 8-567] referenced signal 'clk_200' should be on the sensitivity list [C:/Users/mohamedabdelfatah572/Downloads/clock_minute_project/clock_minute_project.srcs/sources_1/new/Digital_Clock.v:72]
INFO: [Synth 8-6157] synthesizing module 'clock_divider' [C:/Users/mohamedabdelfatah572/Downloads/clock_minute_project/clock_minute_project.srcs/sources_1/new/clock_divder.v:23]
	Parameter n bound to: 250000 - type: integer 
INFO: [Synth 8-6155] done synthesizing module 'clock_divider' (0#1) [C:/Users/mohamedabdelfatah572/Downloads/clock_minute_project/clock_minute_project.srcs/sources_1/new/clock_divder.v:23]
INFO: [Synth 8-6157] synthesizing module 'Sev_segment_display' [C:/Users/mohamedabdelfatah572/Downloads/clock_minute_project/clock_minute_project.srcs/sources_1/new/Sev_segment_display.v:23]
INFO: [Synth 8-6155] done synthesizing module 'Sev_segment_display' (0#1) [C:/Users/mohamedabdelfatah572/Downloads/clock_minute_project/clock_minute_project.srcs/sources_1/new/Sev_segment_display.v:23]
INFO: [Synth 8-6157] synthesizing module 'clock_divider__parameterized0' [C:/Users/mohamedabdelfatah572/Downloads/clock_minute_project/clock_minute_project.srcs/sources_1/new/clock_divder.v:23]
	Parameter n bound to: 50000000 - type: integer 
INFO: [Synth 8-6155] done synthesizing module 'clock_divider__parameterized0' (0#1) [C:/Users/mohamedabdelfatah572/Downloads/clock_minute_project/clock_minute_project.srcs/sources_1/new/clock_divder.v:23]
INFO: [Synth 8-6157] synthesizing module 'secounds_mintues_counter' [C:/Users/mohamedabdelfatah572/Downloads/clock_minute_project/clock_minute_project.srcs/sources_1/new/secounds_mintues_counter.v:23]
WARNING: [Synth 8-567] referenced signal 'counter4' should be on the sensitivity list [C:/Users/mohamedabdelfatah572/Downloads/clock_minute_project/clock_minute_project.srcs/sources_1/new/secounds_mintues_counter.v:38]
WARNING: [Synth 8-567] referenced signal 'counter2' should be on the sensitivity list [C:/Users/mohamedabdelfatah572/Downloads/clock_minute_project/clock_minute_project.srcs/sources_1/new/secounds_mintues_counter.v:38]
INFO: [Synth 8-6157] synthesizing module 'n_bit_counter' [C:/Users/mohamedabdelfatah572/Downloads/clock_minute_project/clock_minute_project.srcs/sources_1/new/n_bit_counter.v:23]
	Parameter n bound to: 60 - type: integer 
	Parameter x bound to: 6 - type: integer 
INFO: [Synth 8-6155] done synthesizing module 'n_bit_counter' (0#1) [C:/Users/mohamedabdelfatah572/Downloads/clock_minute_project/clock_minute_project.srcs/sources_1/new/n_bit_counter.v:23]
INFO: [Synth 8-6157] synthesizing module 'n_bit_counter__parameterized0' [C:/Users/mohamedabdelfatah572/Downloads/clock_minute_project/clock_minute_project.srcs/sources_1/new/n_bit_counter.v:23]
	Parameter n bound to: 10 - type: integer 
	Parameter x bound to: 4 - type: integer 
INFO: [Synth 8-6155] done synthesizing module 'n_bit_counter__parameterized0' (0#1) [C:/Users/mohamedabdelfatah572/Downloads/clock_minute_project/clock_minute_project.srcs/sources_1/new/n_bit_counter.v:23]
INFO: [Synth 8-6157] synthesizing module 'n_bit_counter__parameterized1' [C:/Users/mohamedabdelfatah572/Downloads/clock_minute_project/clock_minute_project.srcs/sources_1/new/n_bit_counter.v:23]
	Parameter n bound to: 6 - type: integer 
	Parameter x bound to: 3 - type: integer 
INFO: [Synth 8-6155] done synthesizing module 'n_bit_counter__parameterized1' (0#1) [C:/Users/mohamedabdelfatah572/Downloads/clock_minute_project/clock_minute_project.srcs/sources_1/new/n_bit_counter.v:23]
INFO: [Synth 8-6157] synthesizing module 'n_bit_counter__parameterized2' [C:/Users/mohamedabdelfatah572/Downloads/clock_minute_project/clock_minute_project.srcs/sources_1/new/n_bit_counter.v:23]
	Parameter n bound to: 3 - type: integer 
	Parameter x bound to: 2 - type: integer 
INFO: [Synth 8-6155] done synthesizing module 'n_bit_counter__parameterized2' (0#1) [C:/Users/mohamedabdelfatah572/Downloads/clock_minute_project/clock_minute_project.srcs/sources_1/new/n_bit_counter.v:23]
INFO: [Synth 8-6155] done synthesizing module 'secounds_mintues_counter' (0#1) [C:/Users/mohamedabdelfatah572/Downloads/clock_minute_project/clock_minute_project.srcs/sources_1/new/secounds_mintues_counter.v:23]
INFO: [Synth 8-6155] done synthesizing module 'Digital_Clock' (0#1) [C:/Users/mohamedabdelfatah572/Downloads/clock_minute_project/clock_minute_project.srcs/sources_1/new/Digital_Clock.v:23]
---------------------------------------------------------------------------------
Finished RTL Elaboration : Time (s): cpu = 00:00:07 ; elapsed = 00:00:07 . Memory (MB): peak = 1282.562 ; gain = 0.000
---------------------------------------------------------------------------------
---------------------------------------------------------------------------------
Start Handling Custom Attributes
---------------------------------------------------------------------------------
---------------------------------------------------------------------------------
Finished Handling Custom Attributes : Time (s): cpu = 00:00:07 ; elapsed = 00:00:07 . Memory (MB): peak = 1282.562 ; gain = 0.000
---------------------------------------------------------------------------------
---------------------------------------------------------------------------------
Finished RTL Optimization Phase 1 : Time (s): cpu = 00:00:07 ; elapsed = 00:00:07 . Memory (MB): peak = 1282.562 ; gain = 0.000
---------------------------------------------------------------------------------
Netlist sorting complete. Time (s): cpu = 00:00:00 ; elapsed = 00:00:00.002 . Memory (MB): peak = 1282.562 ; gain = 0.000
INFO: [Project 1-570] Preparing netlist for logic optimization

Processing XDC Constraints
Initializing timing engine
Parsing XDC File [C:/Users/mohamedabdelfatah572/Downloads/clock_minute_project/clock_minute_project.srcs/constrs_1/new/Digital_Clock_constraint.xdc]
Finished Parsing XDC File [C:/Users/mohamedabdelfatah572/Downloads/clock_minute_project/clock_minute_project.srcs/constrs_1/new/Digital_Clock_constraint.xdc]
INFO: [Project 1-236] Implementation specific constraints were found while reading constraint file [C:/Users/mohamedabdelfatah572/Downloads/clock_minute_project/clock_minute_project.srcs/constrs_1/new/Digital_Clock_constraint.xdc]. These constraints will be ignored for synthesis but will be used in implementation. Impacted constraints are listed in the file [.Xil/Digital_Clock_propImpl.xdc].
Resolution: To avoid this warning, move constraints listed in [.Xil/Digital_Clock_propImpl.xdc] to another XDC file and exclude this new file from synthesis with the used_in_synthesis property (File Properties dialog in GUI) and re-run elaboration/synthesis.
Completed Processing XDC Constraints

Netlist sorting complete. Time (s): cpu = 00:00:00 ; elapsed = 00:00:00.001 . Memory (MB): peak = 1352.426 ; gain = 0.000
INFO: [Project 1-111] Unisim Transformation Summary:
No Unisim elements were transformed.

Constraint Validation Runtime : Time (s): cpu = 00:00:00 ; elapsed = 00:00:00.003 . Memory (MB): peak = 1352.426 ; gain = 0.000
INFO: [Designutils 20-5440] No compile time benefit to using incremental synthesis; A full resynthesis will be run
INFO: [Designutils 20-4379] Flow is switching to default flow due to incremental criteria not met. If you would like to alter this behaviour and have the flow terminate instead, please set the following parameter config_implementation {autoIncr.Synth.RejectBehavior Terminate}
---------------------------------------------------------------------------------
Finished Constraint Validation : Time (s): cpu = 00:00:14 ; elapsed = 00:00:14 . Memory (MB): peak = 1352.426 ; gain = 69.863
---------------------------------------------------------------------------------
---------------------------------------------------------------------------------
Start Loading Part and Timing Information
---------------------------------------------------------------------------------
Loading part: xc7a35tcpg236-1
---------------------------------------------------------------------------------
Finished Loading Part and Timing Information : Time (s): cpu = 00:00:14 ; elapsed = 00:00:14 . Memory (MB): peak = 1352.426 ; gain = 69.863
---------------------------------------------------------------------------------
---------------------------------------------------------------------------------
Start Applying 'set_property' XDC Constraints
---------------------------------------------------------------------------------
---------------------------------------------------------------------------------
Finished applying 'set_property' XDC Constraints : Time (s): cpu = 00:00:14 ; elapsed = 00:00:14 . Memory (MB): peak = 1352.426 ; gain = 69.863
---------------------------------------------------------------------------------
INFO: [Synth 8-802] inferred FSM for state register 'state_reg' in module 'ex1_Rising_Edge_Detector'
---------------------------------------------------------------------------------------------------
                   State |                     New Encoding |                Previous Encoding 
---------------------------------------------------------------------------------------------------
                       A |                               00 |                               00
                       B |                               01 |                               01
                       C |                               10 |                               10
---------------------------------------------------------------------------------------------------
INFO: [Synth 8-3354] encoded FSM with state register 'state_reg' using encoding 'sequential' in module 'ex1_Rising_Edge_Detector'
WARNING: [Synth 8-327] inferring latch for variable 'led_reg' [C:/Users/mohamedabdelfatah572/Downloads/clock_minute_project/clock_minute_project.srcs/sources_1/new/Digital_Clock.v:81]
WARNING: [Synth 8-327] inferring latch for variable 'sec_reg' [C:/Users/mohamedabdelfatah572/Downloads/clock_minute_project/clock_minute_project.srcs/sources_1/new/Digital_Clock.v:80]
WARNING: [Synth 8-327] inferring latch for variable 'NextState_reg' [C:/Users/mohamedabdelfatah572/Downloads/clock_minute_project/clock_minute_project.srcs/sources_1/new/Digital_Clock.v:84]
WARNING: [Synth 8-327] inferring latch for variable 'clk_input_reg' [C:/Users/mohamedabdelfatah572/Downloads/clock_minute_project/clock_minute_project.srcs/sources_1/new/Digital_Clock.v:76]
WARNING: [Synth 8-327] inferring latch for variable 'en_secs_reg' [C:/Users/mohamedabdelfatah572/Downloads/clock_minute_project/clock_minute_project.srcs/sources_1/new/Digital_Clock.v:77]
WARNING: [Synth 8-327] inferring latch for variable 'en_adjust_time_min_reg' [C:/Users/mohamedabdelfatah572/Downloads/clock_minute_project/clock_minute_project.srcs/sources_1/new/Digital_Clock.v:78]
WARNING: [Synth 8-327] inferring latch for variable 'en_adjust_time_Hours_reg' [C:/Users/mohamedabdelfatah572/Downloads/clock_minute_project/clock_minute_project.srcs/sources_1/new/Digital_Clock.v:79]
WARNING: [Synth 8-327] inferring latch for variable 'up_down_reg' [C:/Users/mohamedabdelfatah572/Downloads/clock_minute_project/clock_minute_project.srcs/sources_1/new/Digital_Clock.v:82]
---------------------------------------------------------------------------------
Finished RTL Optimization Phase 2 : Time (s): cpu = 00:00:15 ; elapsed = 00:00:15 . Memory (MB): peak = 1352.426 ; gain = 69.863
---------------------------------------------------------------------------------
---------------------------------------------------------------------------------
Start RTL Component Statistics 
---------------------------------------------------------------------------------
Detailed RTL Component Info : 
+---Adders : 
	   2 Input   26 Bit       Adders := 1     
	   2 Input   18 Bit       Adders := 1     
	   2 Input    6 Bit       Adders := 2     
	   2 Input    4 Bit       Adders := 4     
	   2 Input    3 Bit       Adders := 2     
	   2 Input    2 Bit       Adders := 3     
+---Registers : 
	               26 Bit    Registers := 1     
	               18 Bit    Registers := 1     
	                6 Bit    Registers := 1     
	                4 Bit    Registers := 3     
	                3 Bit    Registers := 1     
	                2 Bit    Registers := 2     
	                1 Bit    Registers := 27    
+---Muxes : 
	   2 Input   26 Bit        Muxes := 1     
	   2 Input   18 Bit        Muxes := 1     
	   2 Input    6 Bit        Muxes := 3     
	   4 Input    4 Bit        Muxes := 3     
	   2 Input    4 Bit        Muxes := 6     
	   2 Input    3 Bit        Muxes := 3     
	   3 Input    2 Bit        Muxes := 7     
	   2 Input    2 Bit        Muxes := 18    
	   2 Input    1 Bit        Muxes := 22    
	   4 Input    1 Bit        Muxes := 7     
---------------------------------------------------------------------------------
Finished RTL Component Statistics 
---------------------------------------------------------------------------------
---------------------------------------------------------------------------------
Start Part Resource Summary
---------------------------------------------------------------------------------
Part Resources:
DSPs: 90 (col length:60)
BRAMs: 100 (col length: RAMB18 60 RAMB36 30)
---------------------------------------------------------------------------------
Finished Part Resource Summary
---------------------------------------------------------------------------------
---------------------------------------------------------------------------------
Start Cross Boundary and Area Optimization
---------------------------------------------------------------------------------
WARNING: [Synth 8-7080] Parallel synthesis criteria is not met
WARNING: [Synth 8-3332] Sequential element (led_reg[3]) is unused and will be removed from module Digital_Clock.
---------------------------------------------------------------------------------
Finished Cross Boundary and Area Optimization : Time (s): cpu = 00:00:17 ; elapsed = 00:00:18 . Memory (MB): peak = 1352.426 ; gain = 69.863
---------------------------------------------------------------------------------
---------------------------------------------------------------------------------
Start Applying XDC Timing Constraints
---------------------------------------------------------------------------------
---------------------------------------------------------------------------------
Finished Applying XDC Timing Constraints : Time (s): cpu = 00:00:22 ; elapsed = 00:00:22 . Memory (MB): peak = 1352.426 ; gain = 69.863
---------------------------------------------------------------------------------
---------------------------------------------------------------------------------
Start Timing Optimization
---------------------------------------------------------------------------------
---------------------------------------------------------------------------------
Finished Timing Optimization : Time (s): cpu = 00:00:22 ; elapsed = 00:00:22 . Memory (MB): peak = 1352.426 ; gain = 69.863
---------------------------------------------------------------------------------
---------------------------------------------------------------------------------
Start Technology Mapping
---------------------------------------------------------------------------------
---------------------------------------------------------------------------------
Finished Technology Mapping : Time (s): cpu = 00:00:22 ; elapsed = 00:00:23 . Memory (MB): peak = 1352.426 ; gain = 69.863
---------------------------------------------------------------------------------
---------------------------------------------------------------------------------
Start IO Insertion
---------------------------------------------------------------------------------
---------------------------------------------------------------------------------
Start Flattening Before IO Insertion
---------------------------------------------------------------------------------
---------------------------------------------------------------------------------
Finished Flattening Before IO Insertion
---------------------------------------------------------------------------------
---------------------------------------------------------------------------------
Start Final Netlist Cleanup
---------------------------------------------------------------------------------
---------------------------------------------------------------------------------
Finished Final Netlist Cleanup
---------------------------------------------------------------------------------
---------------------------------------------------------------------------------
Finished IO Insertion : Time (s): cpu = 00:00:27 ; elapsed = 00:00:27 . Memory (MB): peak = 1352.426 ; gain = 69.863
---------------------------------------------------------------------------------
---------------------------------------------------------------------------------
Start Renaming Generated Instances
---------------------------------------------------------------------------------
---------------------------------------------------------------------------------
Finished Renaming Generated Instances : Time (s): cpu = 00:00:27 ; elapsed = 00:00:27 . Memory (MB): peak = 1352.426 ; gain = 69.863
---------------------------------------------------------------------------------
---------------------------------------------------------------------------------
Start Rebuilding User Hierarchy
---------------------------------------------------------------------------------
---------------------------------------------------------------------------------
Finished Rebuilding User Hierarchy : Time (s): cpu = 00:00:27 ; elapsed = 00:00:27 . Memory (MB): peak = 1352.426 ; gain = 69.863
---------------------------------------------------------------------------------
---------------------------------------------------------------------------------
Start Renaming Generated Ports
---------------------------------------------------------------------------------
---------------------------------------------------------------------------------
Finished Renaming Generated Ports : Time (s): cpu = 00:00:27 ; elapsed = 00:00:27 . Memory (MB): peak = 1352.426 ; gain = 69.863
---------------------------------------------------------------------------------
---------------------------------------------------------------------------------
Start Handling Custom Attributes
---------------------------------------------------------------------------------
---------------------------------------------------------------------------------
Finished Handling Custom Attributes : Time (s): cpu = 00:00:27 ; elapsed = 00:00:27 . Memory (MB): peak = 1352.426 ; gain = 69.863
---------------------------------------------------------------------------------
---------------------------------------------------------------------------------
Start Renaming Generated Nets
---------------------------------------------------------------------------------
---------------------------------------------------------------------------------
Finished Renaming Generated Nets : Time (s): cpu = 00:00:27 ; elapsed = 00:00:27 . Memory (MB): peak = 1352.426 ; gain = 69.863
---------------------------------------------------------------------------------
---------------------------------------------------------------------------------
Start Writing Synthesis Report
---------------------------------------------------------------------------------

Report BlackBoxes: 
+-+--------------+----------+
| |BlackBox name |Instances |
+-+--------------+----------+
+-+--------------+----------+

Report Cell Usage: 
+------+-------+------+
|      |Cell   |Count |
+------+-------+------+
|1     |BUFG   |     2|
|2     |CARRY4 |    12|
|3     |LUT1   |     7|
|4     |LUT2   |    37|
|5     |LUT3   |    18|
|6     |LUT4   |    31|
|7     |LUT5   |    32|
|8     |LUT6   |    20|
|9     |MUXF7  |     1|
|10    |FDCE   |    94|
|11    |FDRE   |    10|
|12    |LD     |    10|
|13    |IBUF   |     7|
|14    |OBUF   |    16|
+------+-------+------+
---------------------------------------------------------------------------------
Finished Writing Synthesis Report : Time (s): cpu = 00:00:27 ; elapsed = 00:00:27 . Memory (MB): peak = 1352.426 ; gain = 69.863
---------------------------------------------------------------------------------
Synthesis finished with 0 errors, 0 critical warnings and 10 warnings.
Synthesis Optimization Runtime : Time (s): cpu = 00:00:18 ; elapsed = 00:00:26 . Memory (MB): peak = 1352.426 ; gain = 0.000
Synthesis Optimization Complete : Time (s): cpu = 00:00:27 ; elapsed = 00:00:27 . Memory (MB): peak = 1352.426 ; gain = 69.863
INFO: [Project 1-571] Translating synthesized netlist
Netlist sorting complete. Time (s): cpu = 00:00:00 ; elapsed = 00:00:00.002 . Memory (MB): peak = 1352.426 ; gain = 0.000
INFO: [Netlist 29-17] Analyzing 23 Unisim elements for replacement
INFO: [Netlist 29-28] Unisim Transformation completed in 0 CPU seconds
INFO: [Project 1-570] Preparing netlist for logic optimization
INFO: [Opt 31-138] Pushed 0 inverter(s) to 0 load pin(s).
Netlist sorting complete. Time (s): cpu = 00:00:00 ; elapsed = 00:00:00 . Memory (MB): peak = 1352.426 ; gain = 0.000
INFO: [Project 1-111] Unisim Transformation Summary:
  A total of 10 instances were transformed.
  LD => LDCE: 10 instances

Synth Design complete, checksum: 4196f944
INFO: [Common 17-83] Releasing license: Synthesis
50 Infos, 20 Warnings, 0 Critical Warnings and 0 Errors encountered.
synth_design completed successfully
synth_design: Time (s): cpu = 00:00:31 ; elapsed = 00:00:32 . Memory (MB): peak = 1352.426 ; gain = 69.863
INFO: [Common 17-1381] The checkpoint 'C:/Users/mohamedabdelfatah572/Downloads/clock_minute_project/clock_minute_project.runs/synth_1/Digital_Clock.dcp' has been generated.
INFO: [runtcl-4] Executing : report_utilization -file Digital_Clock_utilization_synth.rpt -pb Digital_Clock_utilization_synth.pb
INFO: [Common 17-206] Exiting Vivado at Sat May 11 17:06:36 2024...
